<?xml version="1.0" encoding="UTF-8"?>
<!-- Generated by org.testng.reporters.JUnitReportReporter -->
<testsuite hostname="DESKTOP-ERMO56R" failures="0" tests="2" name="com.mytest.HomePageTest" time="16.998" errors="0" timestamp="07 Jul 2020 11:40:58 GMT" skipped="0">
  <testcase classname="com.mytest.HomePageTest" name="getPageTitle" time="7.226"/>
  <testcase classname="com.mytest.HomePageTest" name="getPageTitle" time="9.772"/>
</testsuite> <!-- com.mytest.HomePageTest -->
