<?xml version="1.0" encoding="UTF-8"?>
<!-- Generated by org.testng.reporters.JUnitReportReporter -->
<testsuite hostname="DESKTOP-ERMO56R" failures="0" tests="2" name="com.mytest.LoginPageTest" time="22.126" errors="0" timestamp="07 Jul 2020 11:40:58 GMT" skipped="0">
  <testcase classname="com.mytest.LoginPageTest" name="getTitleTest" time="13.161"/>
  <testcase classname="com.mytest.LoginPageTest" name="getTitleTest" time="8.965"/>
</testsuite> <!-- com.mytest.LoginPageTest -->
